2025-03-29 17:51:39,227 - INFO - Using device: cuda
2025-03-29 17:51:39,232 - INFO - Loaded full dataset with 618 rows.
2025-03-29 17:51:39,232 - INFO - Manual (held-out test) rows: 120 | Synthetic + Manual-train rows: 498
2025-03-29 17:51:39,233 - INFO - Train set distribution:
  Non-malicious (0): 193
  Malicious     (1): 205
  Total:             398
2025-03-29 17:51:39,233 - INFO - Validation set distribution:
  Non-malicious (0): 49
  Malicious     (1): 51
  Total:             100
2025-03-29 17:51:39,234 - INFO - Test (Manual) set distribution:
  Non-malicious (0): 36
  Malicious     (1): 84
  Total:             120
2025-03-29 17:52:14,852 - INFO - Using device: cuda
2025-03-29 17:52:14,857 - INFO - Loaded full dataset with 618 rows.
2025-03-29 17:52:14,857 - INFO - Manual (held-out test) rows: 120 | Synthetic + Manual-train rows: 498
2025-03-29 17:52:14,858 - INFO - Train set distribution:
  Non-malicious (0): 193
  Malicious     (1): 205
  Total:             398
2025-03-29 17:52:14,858 - INFO - Validation set distribution:
  Non-malicious (0): 49
  Malicious     (1): 51
  Total:             100
2025-03-29 17:52:14,858 - INFO - Test (Manual) set distribution:
  Non-malicious (0): 36
  Malicious     (1): 84
  Total:             120
2025-03-29 17:52:16,592 - INFO - Tokenizer loaded successfully.
2025-03-29 17:52:16,640 - INFO - Tokenization and dataset formatting complete.
2025-03-29 17:53:04,216 - INFO - DeBERTa LoRA model initialized and ready.
2025-03-29 17:53:04,277 - INFO - Starting training...
